dict_keys(['ttir', 'ttgir', 'llir', 'ptx', 'cubin'])
===================== ttir =====================
#loc = loc("/mnt/home/douliyang/triton-workspace/triton-dly/tutorial/pipeline/example.py":9:0)
module {
  tt.func public @add_kernel(%arg0: !tt.ptr<f32> {tt.divisibility = 16 : i32} loc("/mnt/home/douliyang/triton-workspace/triton-dly/tutorial/pipeline/example.py":9:0), %arg1: !tt.ptr<f32> {tt.divisibility = 16 : i32} loc("/mnt/home/douliyang/triton-workspace/triton-dly/tutorial/pipeline/example.py":9:0), %arg2: !tt.ptr<f32> {tt.divisibility = 16 : i32} loc("/mnt/home/douliyang/triton-workspace/triton-dly/tutorial/pipeline/example.py":9:0), %arg3: i32 {tt.divisibility = 16 : i32} loc("/mnt/home/douliyang/triton-workspace/triton-dly/tutorial/pipeline/example.py":9:0)) attributes {noinline = false} {
    %c1024_i32 = arith.constant 1024 : i32 loc(#loc1)
    %0 = tt.get_program_id x : i32 loc(#loc2)
    %1 = arith.muli %0, %c1024_i32 : i32 loc(#loc3)
    %2 = tt.make_range {end = 1024 : i32, start = 0 : i32} : tensor<1024xi32> loc(#loc4)
    %3 = tt.splat %1 : i32 -> tensor<1024xi32> loc(#loc5)
    %4 = arith.addi %3, %2 : tensor<1024xi32> loc(#loc5)
    %5 = tt.splat %arg3 : i32 -> tensor<1024xi32> loc(#loc6)
    %6 = arith.cmpi slt, %4, %5 : tensor<1024xi32> loc(#loc6)
    %7 = tt.splat %arg0 : !tt.ptr<f32> -> tensor<1024x!tt.ptr<f32>> loc(#loc7)
    %8 = tt.addptr %7, %4 : tensor<1024x!tt.ptr<f32>>, tensor<1024xi32> loc(#loc7)
    %9 = tt.load %8, %6 : tensor<1024x!tt.ptr<f32>> loc(#loc8)
    %10 = tt.splat %arg1 : !tt.ptr<f32> -> tensor<1024x!tt.ptr<f32>> loc(#loc9)
    %11 = tt.addptr %10, %4 : tensor<1024x!tt.ptr<f32>>, tensor<1024xi32> loc(#loc9)
    %12 = tt.load %11, %6 : tensor<1024x!tt.ptr<f32>> loc(#loc10)
    %13 = arith.addf %9, %12 : tensor<1024xf32> loc(#loc11)
    %14 = tt.splat %arg2 : !tt.ptr<f32> -> tensor<1024x!tt.ptr<f32>> loc(#loc12)
    %15 = tt.addptr %14, %4 : tensor<1024x!tt.ptr<f32>>, tensor<1024xi32> loc(#loc12)
    tt.store %15, %13, %6 : tensor<1024x!tt.ptr<f32>> loc(#loc13)
    tt.return loc(#loc14)
  } loc(#loc)
} loc(#loc)
#loc1 = loc(unknown)
#loc2 = loc("/mnt/home/douliyang/triton-workspace/triton-dly/tutorial/pipeline/example.py":18:24)
#loc3 = loc("/mnt/home/douliyang/triton-workspace/triton-dly/tutorial/pipeline/example.py":23:24)
#loc4 = loc("/mnt/home/douliyang/triton-workspace/triton-dly/tutorial/pipeline/example.py":24:41)
#loc5 = loc("/mnt/home/douliyang/triton-workspace/triton-dly/tutorial/pipeline/example.py":24:28)
#loc6 = loc("/mnt/home/douliyang/triton-workspace/triton-dly/tutorial/pipeline/example.py":26:21)
#loc7 = loc("/mnt/home/douliyang/triton-workspace/triton-dly/tutorial/pipeline/example.py":29:24)
#loc8 = loc("/mnt/home/douliyang/triton-workspace/triton-dly/tutorial/pipeline/example.py":29:16)
#loc9 = loc("/mnt/home/douliyang/triton-workspace/triton-dly/tutorial/pipeline/example.py":30:24)
#loc10 = loc("/mnt/home/douliyang/triton-workspace/triton-dly/tutorial/pipeline/example.py":30:16)
#loc11 = loc("/mnt/home/douliyang/triton-workspace/triton-dly/tutorial/pipeline/example.py":31:17)
#loc12 = loc("/mnt/home/douliyang/triton-workspace/triton-dly/tutorial/pipeline/example.py":33:26)
#loc13 = loc("/mnt/home/douliyang/triton-workspace/triton-dly/tutorial/pipeline/example.py":33:35)
#loc14 = loc("/mnt/home/douliyang/triton-workspace/triton-dly/tutorial/pipeline/example.py":33:4)

===================== ttgir =====================
#blocked = #ttg.blocked<{sizePerThread = [4], threadsPerWarp = [32], warpsPerCTA = [4], order = [0]}>
#loc = loc("/mnt/home/douliyang/triton-workspace/triton-dly/tutorial/pipeline/example.py":9:0)
module attributes {"ttg.num-ctas" = 1 : i32, "ttg.num-warps" = 4 : i32, ttg.target = "cuda:86", "ttg.threads-per-warp" = 32 : i32} {
  tt.func public @add_kernel(%arg0: !tt.ptr<f32> {tt.divisibility = 16 : i32} loc("/mnt/home/douliyang/triton-workspace/triton-dly/tutorial/pipeline/example.py":9:0), %arg1: !tt.ptr<f32> {tt.divisibility = 16 : i32} loc("/mnt/home/douliyang/triton-workspace/triton-dly/tutorial/pipeline/example.py":9:0), %arg2: !tt.ptr<f32> {tt.divisibility = 16 : i32} loc("/mnt/home/douliyang/triton-workspace/triton-dly/tutorial/pipeline/example.py":9:0), %arg3: i32 {tt.divisibility = 16 : i32} loc("/mnt/home/douliyang/triton-workspace/triton-dly/tutorial/pipeline/example.py":9:0)) attributes {noinline = false} {
    %c1024_i32 = arith.constant 1024 : i32 loc(#loc1)
    %0 = tt.get_program_id x : i32 loc(#loc2)
    %1 = arith.muli %0, %c1024_i32 : i32 loc(#loc3)
    %2 = tt.make_range {end = 1024 : i32, start = 0 : i32} : tensor<1024xi32, #blocked> loc(#loc4)
    %3 = tt.splat %1 : i32 -> tensor<1024xi32, #blocked> loc(#loc5)
    %4 = arith.addi %3, %2 : tensor<1024xi32, #blocked> loc(#loc5)
    %5 = tt.splat %arg3 : i32 -> tensor<1024xi32, #blocked> loc(#loc6)
    %6 = arith.cmpi slt, %4, %5 : tensor<1024xi32, #blocked> loc(#loc6)
    %7 = tt.splat %arg0 : !tt.ptr<f32> -> tensor<1024x!tt.ptr<f32>, #blocked> loc(#loc7)
    %8 = tt.addptr %7, %4 : tensor<1024x!tt.ptr<f32>, #blocked>, tensor<1024xi32, #blocked> loc(#loc7)
    %9 = tt.load %8, %6 : tensor<1024x!tt.ptr<f32>, #blocked> loc(#loc8)
    %10 = tt.splat %arg1 : !tt.ptr<f32> -> tensor<1024x!tt.ptr<f32>, #blocked> loc(#loc9)
    %11 = tt.addptr %10, %4 : tensor<1024x!tt.ptr<f32>, #blocked>, tensor<1024xi32, #blocked> loc(#loc9)
    %12 = tt.load %11, %6 : tensor<1024x!tt.ptr<f32>, #blocked> loc(#loc10)
    %13 = arith.addf %9, %12 : tensor<1024xf32, #blocked> loc(#loc11)
    %14 = tt.splat %arg2 : !tt.ptr<f32> -> tensor<1024x!tt.ptr<f32>, #blocked> loc(#loc12)
    %15 = tt.addptr %14, %4 : tensor<1024x!tt.ptr<f32>, #blocked>, tensor<1024xi32, #blocked> loc(#loc12)
    tt.store %15, %13, %6 : tensor<1024x!tt.ptr<f32>, #blocked> loc(#loc13)
    tt.return loc(#loc14)
  } loc(#loc)
} loc(#loc)
#loc1 = loc(unknown)
#loc2 = loc("/mnt/home/douliyang/triton-workspace/triton-dly/tutorial/pipeline/example.py":18:24)
#loc3 = loc("/mnt/home/douliyang/triton-workspace/triton-dly/tutorial/pipeline/example.py":23:24)
#loc4 = loc("/mnt/home/douliyang/triton-workspace/triton-dly/tutorial/pipeline/example.py":24:41)
#loc5 = loc("/mnt/home/douliyang/triton-workspace/triton-dly/tutorial/pipeline/example.py":24:28)
#loc6 = loc("/mnt/home/douliyang/triton-workspace/triton-dly/tutorial/pipeline/example.py":26:21)
#loc7 = loc("/mnt/home/douliyang/triton-workspace/triton-dly/tutorial/pipeline/example.py":29:24)
#loc8 = loc("/mnt/home/douliyang/triton-workspace/triton-dly/tutorial/pipeline/example.py":29:16)
#loc9 = loc("/mnt/home/douliyang/triton-workspace/triton-dly/tutorial/pipeline/example.py":30:24)
#loc10 = loc("/mnt/home/douliyang/triton-workspace/triton-dly/tutorial/pipeline/example.py":30:16)
#loc11 = loc("/mnt/home/douliyang/triton-workspace/triton-dly/tutorial/pipeline/example.py":31:17)
#loc12 = loc("/mnt/home/douliyang/triton-workspace/triton-dly/tutorial/pipeline/example.py":33:26)
#loc13 = loc("/mnt/home/douliyang/triton-workspace/triton-dly/tutorial/pipeline/example.py":33:35)
#loc14 = loc("/mnt/home/douliyang/triton-workspace/triton-dly/tutorial/pipeline/example.py":33:4)

===================== llir =====================
; ModuleID = 'LLVMDialectModule'
source_filename = "LLVMDialectModule"
target datalayout = "e-i64:64-i128:128-v16:16-v32:32-n16:32:64"

define void @add_kernel(ptr addrspace(1) %0, ptr addrspace(1) %1, ptr addrspace(1) %2, i32 %3, ptr addrspace(1) nocapture readnone %4) local_unnamed_addr !dbg !7 {
  %6 = tail call i32 asm "mov.u32 $0, %ctaid.x;", "=r"() #1, !dbg !10
  %7 = shl i32 %6, 10, !dbg !11
  %8 = tail call i32 @llvm.nvvm.read.ptx.sreg.tid.x(), !dbg !12
  %9 = shl i32 %8, 2, !dbg !12
  %10 = and i32 %9, 508, !dbg !12
  %11 = or disjoint i32 %7, %10, !dbg !13
  %12 = or disjoint i32 %11, 512, !dbg !13
  %13 = icmp slt i32 %11, %3, !dbg !14
  %14 = icmp slt i32 %12, %3, !dbg !14
  %15 = sext i32 %11 to i64, !dbg !15
  %16 = getelementptr float, ptr addrspace(1) %0, i64 %15, !dbg !15
  %17 = sext i32 %12 to i64, !dbg !15
  %18 = getelementptr float, ptr addrspace(1) %0, i64 %17, !dbg !15
  %19 = tail call { i32, i32, i32, i32 } asm sideeffect "mov.u32 $0, 0x0;\0A\09mov.u32 $1, 0x0;\0A\09mov.u32 $2, 0x0;\0A\09mov.u32 $3, 0x0;\0A\09@$5 ld.global.v4.b32 { $0, $1, $2, $3 }, [ $4 + 0 ];", "=r,=r,=r,=r,l,b"(ptr addrspace(1) %16, i1 %13) #1, !dbg !16
  %20 = extractvalue { i32, i32, i32, i32 } %19, 0, !dbg !16
  %21 = extractvalue { i32, i32, i32, i32 } %19, 1, !dbg !16
  %22 = extractvalue { i32, i32, i32, i32 } %19, 2, !dbg !16
  %23 = extractvalue { i32, i32, i32, i32 } %19, 3, !dbg !16
  %24 = bitcast i32 %20 to float, !dbg !16
  %25 = bitcast i32 %21 to float, !dbg !16
  %26 = bitcast i32 %22 to float, !dbg !16
  %27 = bitcast i32 %23 to float, !dbg !16
  %28 = tail call { i32, i32, i32, i32 } asm sideeffect "mov.u32 $0, 0x0;\0A\09mov.u32 $1, 0x0;\0A\09mov.u32 $2, 0x0;\0A\09mov.u32 $3, 0x0;\0A\09@$5 ld.global.v4.b32 { $0, $1, $2, $3 }, [ $4 + 0 ];", "=r,=r,=r,=r,l,b"(ptr addrspace(1) %18, i1 %14) #1, !dbg !16
  %29 = extractvalue { i32, i32, i32, i32 } %28, 0, !dbg !16
  %30 = extractvalue { i32, i32, i32, i32 } %28, 1, !dbg !16
  %31 = extractvalue { i32, i32, i32, i32 } %28, 2, !dbg !16
  %32 = extractvalue { i32, i32, i32, i32 } %28, 3, !dbg !16
  %33 = bitcast i32 %29 to float, !dbg !16
  %34 = bitcast i32 %30 to float, !dbg !16
  %35 = bitcast i32 %31 to float, !dbg !16
  %36 = bitcast i32 %32 to float, !dbg !16
  %37 = getelementptr float, ptr addrspace(1) %1, i64 %15, !dbg !17
  %38 = getelementptr float, ptr addrspace(1) %1, i64 %17, !dbg !17
  %39 = tail call { i32, i32, i32, i32 } asm sideeffect "mov.u32 $0, 0x0;\0A\09mov.u32 $1, 0x0;\0A\09mov.u32 $2, 0x0;\0A\09mov.u32 $3, 0x0;\0A\09@$5 ld.global.v4.b32 { $0, $1, $2, $3 }, [ $4 + 0 ];", "=r,=r,=r,=r,l,b"(ptr addrspace(1) %37, i1 %13) #1, !dbg !18
  %40 = extractvalue { i32, i32, i32, i32 } %39, 0, !dbg !18
  %41 = extractvalue { i32, i32, i32, i32 } %39, 1, !dbg !18
  %42 = extractvalue { i32, i32, i32, i32 } %39, 2, !dbg !18
  %43 = extractvalue { i32, i32, i32, i32 } %39, 3, !dbg !18
  %44 = bitcast i32 %40 to float, !dbg !18
  %45 = bitcast i32 %41 to float, !dbg !18
  %46 = bitcast i32 %42 to float, !dbg !18
  %47 = bitcast i32 %43 to float, !dbg !18
  %48 = tail call { i32, i32, i32, i32 } asm sideeffect "mov.u32 $0, 0x0;\0A\09mov.u32 $1, 0x0;\0A\09mov.u32 $2, 0x0;\0A\09mov.u32 $3, 0x0;\0A\09@$5 ld.global.v4.b32 { $0, $1, $2, $3 }, [ $4 + 0 ];", "=r,=r,=r,=r,l,b"(ptr addrspace(1) %38, i1 %14) #1, !dbg !18
  %49 = extractvalue { i32, i32, i32, i32 } %48, 0, !dbg !18
  %50 = extractvalue { i32, i32, i32, i32 } %48, 1, !dbg !18
  %51 = extractvalue { i32, i32, i32, i32 } %48, 2, !dbg !18
  %52 = extractvalue { i32, i32, i32, i32 } %48, 3, !dbg !18
  %53 = bitcast i32 %49 to float, !dbg !18
  %54 = bitcast i32 %50 to float, !dbg !18
  %55 = bitcast i32 %51 to float, !dbg !18
  %56 = bitcast i32 %52 to float, !dbg !18
  %57 = fadd float %24, %44, !dbg !19
  %58 = fadd float %25, %45, !dbg !19
  %59 = fadd float %26, %46, !dbg !19
  %60 = fadd float %27, %47, !dbg !19
  %61 = fadd float %33, %53, !dbg !19
  %62 = fadd float %34, %54, !dbg !19
  %63 = fadd float %35, %55, !dbg !19
  %64 = fadd float %36, %56, !dbg !19
  %65 = getelementptr float, ptr addrspace(1) %2, i64 %15, !dbg !20
  %66 = getelementptr float, ptr addrspace(1) %2, i64 %17, !dbg !20
  %67 = bitcast float %57 to i32, !dbg !21
  %68 = bitcast float %58 to i32, !dbg !21
  %69 = bitcast float %59 to i32, !dbg !21
  %70 = bitcast float %60 to i32, !dbg !21
  tail call void asm sideeffect "@$5 st.global.v4.b32 [ $4 + 0 ], { $0, $1, $2, $3 };", "r,r,r,r,l,b"(i32 %67, i32 %68, i32 %69, i32 %70, ptr addrspace(1) %65, i1 %13) #1, !dbg !21
  %71 = bitcast float %61 to i32, !dbg !21
  %72 = bitcast float %62 to i32, !dbg !21
  %73 = bitcast float %63 to i32, !dbg !21
  %74 = bitcast float %64 to i32, !dbg !21
  tail call void asm sideeffect "@$5 st.global.v4.b32 [ $4 + 0 ], { $0, $1, $2, $3 };", "r,r,r,r,l,b"(i32 %71, i32 %72, i32 %73, i32 %74, ptr addrspace(1) %66, i1 %14) #1, !dbg !21
  ret void, !dbg !22
}

; Function Attrs: mustprogress nocallback nofree nosync nounwind speculatable willreturn memory(none)
declare noundef i32 @llvm.nvvm.read.ptx.sreg.tid.x() #0

attributes #0 = { mustprogress nocallback nofree nosync nounwind speculatable willreturn memory(none) }
attributes #1 = { nounwind }

!llvm.module.flags = !{!0, !1}
!llvm.dbg.cu = !{!2}
!nvvm.annotations = !{!4, !5}
!llvm.ident = !{!6}

!0 = !{i32 2, !"Debug Info Version", i32 3}
!1 = !{i32 4, !"nvvm-reflect-ftz", i32 1}
!2 = distinct !DICompileUnit(language: DW_LANG_C, file: !3, producer: "triton", isOptimized: true, runtimeVersion: 0, emissionKind: LineTablesOnly)
!3 = !DIFile(filename: "example.py", directory: "/mnt/home/douliyang/triton-workspace/triton-dly/tutorial/pipeline")
!4 = !{ptr @add_kernel, !"kernel", i32 1}
!5 = !{ptr @add_kernel, !"reqntidx", i32 128}
!6 = !{!"clang version 3.8.0 (tags/RELEASE_380/final)"}
!7 = distinct !DISubprogram(name: "add_kernel", linkageName: "add_kernel", scope: !3, file: !3, line: 9, type: !8, scopeLine: 9, spFlags: DISPFlagDefinition | DISPFlagOptimized, unit: !2)
!8 = !DISubroutineType(cc: DW_CC_normal, types: !9)
!9 = !{}
!10 = !DILocation(line: 18, column: 24, scope: !7)
!11 = !DILocation(line: 23, column: 24, scope: !7)
!12 = !DILocation(line: 24, column: 41, scope: !7)
!13 = !DILocation(line: 24, column: 28, scope: !7)
!14 = !DILocation(line: 26, column: 21, scope: !7)
!15 = !DILocation(line: 29, column: 24, scope: !7)
!16 = !DILocation(line: 29, column: 16, scope: !7)
!17 = !DILocation(line: 30, column: 24, scope: !7)
!18 = !DILocation(line: 30, column: 16, scope: !7)
!19 = !DILocation(line: 31, column: 17, scope: !7)
!20 = !DILocation(line: 33, column: 26, scope: !7)
!21 = !DILocation(line: 33, column: 35, scope: !7)
!22 = !DILocation(line: 33, column: 4, scope: !7)

===================== ptx =====================
//
// Generated by LLVM NVPTX Back-End
//

.version 8.4
.target sm_86
.address_size 64

	// .globl	add_kernel              // -- Begin function add_kernel
                                        // @add_kernel
.visible .entry add_kernel(
	.param .u64 .ptr .global .align 1 add_kernel_param_0,
	.param .u64 .ptr .global .align 1 add_kernel_param_1,
	.param .u64 .ptr .global .align 1 add_kernel_param_2,
	.param .u32 add_kernel_param_3,
	.param .u64 .ptr .global .align 1 add_kernel_param_4
)
.reqntid 128, 1, 1
{
	.reg .pred 	%p<7>;
	.reg .b32 	%r<33>;
	.reg .f32 	%f<25>;
	.reg .b64 	%rd<11>;
	.loc	1 9 0                           // example.py:9:0
$L__func_begin0:
	.loc	1 9 0                           // example.py:9:0

// %bb.0:
	ld.param.u64 	%rd7, [add_kernel_param_0];
	ld.param.u64 	%rd8, [add_kernel_param_1];
$L__tmp0:
	.loc	1 18 24                         // example.py:18:24
	// begin inline asm
	mov.u32 %r1, %ctaid.x;
	// end inline asm
	.loc	1 23 24                         // example.py:23:24
	shl.b32 	%r26, %r1, 10;
	ld.param.u64 	%rd9, [add_kernel_param_2];
	ld.param.u32 	%r27, [add_kernel_param_3];
	.loc	1 24 41                         // example.py:24:41
	mov.u32 	%r28, %tid.x;
	shl.b32 	%r29, %r28, 2;
	and.b32  	%r30, %r29, 508;
	.loc	1 24 28                         // example.py:24:28
	or.b32  	%r31, %r26, %r30;
	or.b32  	%r32, %r31, 512;
	.loc	1 26 21                         // example.py:26:21
	setp.lt.s32 	%p1, %r31, %r27;
	setp.lt.s32 	%p2, %r32, %r27;
	.loc	1 29 24                         // example.py:29:24
	mul.wide.s32 	%rd10, %r31, 4;
	add.s64 	%rd1, %rd7, %rd10;
	add.s64 	%rd2, %rd1, 2048;
	.loc	1 29 16                         // example.py:29:16
	// begin inline asm
	mov.u32 %r2, 0x0;
	mov.u32 %r3, 0x0;
	mov.u32 %r4, 0x0;
	mov.u32 %r5, 0x0;
	@%p1 ld.global.v4.b32 { %r2, %r3, %r4, %r5 }, [ %rd1 + 0 ];
	// end inline asm
	mov.b32 	%f1, %r2;
	mov.b32 	%f2, %r3;
	mov.b32 	%f3, %r4;
	mov.b32 	%f4, %r5;
	// begin inline asm
	mov.u32 %r6, 0x0;
	mov.u32 %r7, 0x0;
	mov.u32 %r8, 0x0;
	mov.u32 %r9, 0x0;
	@%p2 ld.global.v4.b32 { %r6, %r7, %r8, %r9 }, [ %rd2 + 0 ];
	// end inline asm
	mov.b32 	%f5, %r6;
	mov.b32 	%f6, %r7;
	mov.b32 	%f7, %r8;
	mov.b32 	%f8, %r9;
	.loc	1 30 24                         // example.py:30:24
	add.s64 	%rd3, %rd8, %rd10;
	add.s64 	%rd4, %rd3, 2048;
	.loc	1 30 16                         // example.py:30:16
	// begin inline asm
	mov.u32 %r10, 0x0;
	mov.u32 %r11, 0x0;
	mov.u32 %r12, 0x0;
	mov.u32 %r13, 0x0;
	@%p1 ld.global.v4.b32 { %r10, %r11, %r12, %r13 }, [ %rd3 + 0 ];
	// end inline asm
	mov.b32 	%f9, %r10;
	mov.b32 	%f10, %r11;
	mov.b32 	%f11, %r12;
	mov.b32 	%f12, %r13;
	// begin inline asm
	mov.u32 %r14, 0x0;
	mov.u32 %r15, 0x0;
	mov.u32 %r16, 0x0;
	mov.u32 %r17, 0x0;
	@%p2 ld.global.v4.b32 { %r14, %r15, %r16, %r17 }, [ %rd4 + 0 ];
	// end inline asm
	mov.b32 	%f13, %r14;
	mov.b32 	%f14, %r15;
	mov.b32 	%f15, %r16;
	mov.b32 	%f16, %r17;
	.loc	1 31 17                         // example.py:31:17
	add.f32 	%f17, %f1, %f9;
	add.f32 	%f18, %f2, %f10;
	add.f32 	%f19, %f3, %f11;
	add.f32 	%f20, %f4, %f12;
	add.f32 	%f21, %f5, %f13;
	add.f32 	%f22, %f6, %f14;
	add.f32 	%f23, %f7, %f15;
	add.f32 	%f24, %f8, %f16;
	.loc	1 33 26                         // example.py:33:26
	add.s64 	%rd5, %rd9, %rd10;
	add.s64 	%rd6, %rd5, 2048;
	.loc	1 33 35                         // example.py:33:35
	mov.b32 	%r18, %f17;
	mov.b32 	%r19, %f18;
	mov.b32 	%r20, %f19;
	mov.b32 	%r21, %f20;
	// begin inline asm
	@%p1 st.global.v4.b32 [ %rd5 + 0 ], { %r18, %r19, %r20, %r21 };
	// end inline asm
	mov.b32 	%r22, %f21;
	mov.b32 	%r23, %f22;
	mov.b32 	%r24, %f23;
	mov.b32 	%r25, %f24;
	// begin inline asm
	@%p2 st.global.v4.b32 [ %rd6 + 0 ], { %r22, %r23, %r24, %r25 };
	// end inline asm
	.loc	1 33 4                          // example.py:33:4
	ret;
$L__tmp1:
$L__func_end0:
                                        // -- End function
}
	.file	1 "/mnt/home/douliyang/triton-workspace/triton-dly/tutorial/pipeline/example.py"
	.section	.debug_abbrev
	{
.b8 1                                   // Abbreviation Code
.b8 17                                  // DW_TAG_compile_unit
.b8 0                                   // DW_CHILDREN_no
.b8 37                                  // DW_AT_producer
.b8 8                                   // DW_FORM_string
.b8 19                                  // DW_AT_language
.b8 5                                   // DW_FORM_data2
.b8 3                                   // DW_AT_name
.b8 8                                   // DW_FORM_string
.b8 16                                  // DW_AT_stmt_list
.b8 6                                   // DW_FORM_data4
.b8 27                                  // DW_AT_comp_dir
.b8 8                                   // DW_FORM_string
.b8 0                                   // EOM(1)
.b8 0                                   // EOM(2)
.b8 0                                   // EOM(3)
	}
	.section	.debug_info
	{
.b32 98                                 // Length of Unit
.b8 2                                   // DWARF version number
.b8 0
.b32 .debug_abbrev                      // Offset Into Abbrev. Section
.b8 8                                   // Address Size (in bytes)
.b8 1                                   // Abbrev [1] 0xb:0x5b DW_TAG_compile_unit
.b8 116                                 // DW_AT_producer
.b8 114
.b8 105
.b8 116
.b8 111
.b8 110
.b8 0
.b8 2                                   // DW_AT_language
.b8 0
.b8 101                                 // DW_AT_name
.b8 120
.b8 97
.b8 109
.b8 112
.b8 108
.b8 101
.b8 46
.b8 112
.b8 121
.b8 0
.b32 .debug_line                        // DW_AT_stmt_list
.b8 47                                  // DW_AT_comp_dir
.b8 109
.b8 110
.b8 116
.b8 47
.b8 104
.b8 111
.b8 109
.b8 101
.b8 47
.b8 100
.b8 111
.b8 117
.b8 108
.b8 105
.b8 121
.b8 97
.b8 110
.b8 103
.b8 47
.b8 116
.b8 114
.b8 105
.b8 116
.b8 111
.b8 110
.b8 45
.b8 119
.b8 111
.b8 114
.b8 107
.b8 115
.b8 112
.b8 97
.b8 99
.b8 101
.b8 47
.b8 116
.b8 114
.b8 105
.b8 116
.b8 111
.b8 110
.b8 45
.b8 100
.b8 108
.b8 121
.b8 47
.b8 116
.b8 117
.b8 116
.b8 111
.b8 114
.b8 105
.b8 97
.b8 108
.b8 47
.b8 112
.b8 105
.b8 112
.b8 101
.b8 108
.b8 105
.b8 110
.b8 101
.b8 0
	}
	.section	.debug_macinfo	{	}

===================== cubin =====================
Function:add_kernel
--:-:-:-:2	MOV R1, c[0x0][0x28];
--:-:0:-:1	S2R R0, SR_TID.X;
--:-:-:-:1	MOV R15, 0x4;
--:-:-:-:1	CS2R R16, SRZ;
--:-:-:-:1	CS2R R18, SRZ;
--:-:1:-:1	S2R R3, SR_CTAID.X;
--:-:-:-:1	CS2R R20, SRZ;
--:-:-:-:1	CS2R R22, SRZ;
--:-:-:-:1	ULDC.64 UR4, c[0x0][0x118];
--:-:-:-:1	CS2R R4, SRZ;
--:-:-:-:1	CS2R R6, SRZ;
01:-:-:Y:4	SHF.L.U32 R0, R0, 0x2, RZ;
--:-:-:Y:4	LOP3.LUT R0, R0, 0x1fc, RZ, 0xc0, !PT;
02:-:-:Y:4	LEA R0, R3, R0, 0xa;
--:-:-:-:1	ISETP.GE.AND P0, PT, R0.reuse, c[0x0][0x178], PT;
--:-:-:-:1	IMAD.WIDE R12, R0.reuse, R15, c[0x0][0x168];
--:-:-:Y:4	IADD3 R2, R0, 0x200, RZ;
--:-:-:-:1	ISETP.GE.AND P1, PT, R2, c[0x0][0x178], PT;
--:-:-:-:1	IMAD.WIDE R2, R0, R15, c[0x0][0x160];
--:-:-:-:1	CS2R R8, SRZ;
--:-:-:Y:4	CS2R R10, SRZ;
--:-:2:-:4	@!P0 LDG.E.128 R16, [R2.64];
--:-:2:-:4	@!P0 LDG.E.128 R20, [R12.64];
--:-:3:-:4	@!P1 LDG.E.128 R4, [R2.64+0x800];
--:-:3:-:1	@!P1 LDG.E.128 R8, [R12.64+0x800];
--:-:-:-:1	IMAD.WIDE R14, R0, R15, c[0x0][0x170];
04:-:-:-:1	FADD R16, R20, R16;
--:-:-:-:1	FADD R17, R21, R17;
--:-:-:-:1	FADD R18, R22, R18;
--:-:-:Y:5	FADD R19, R23, R19;
--:0:-:-:1	@!P0 STG.E.128 [R14.64], R16;
08:-:-:-:1	FADD R4, R8, R4;
--:-:-:-:1	FADD R5, R9, R5;
--:-:-:-:1	FADD R6, R10, R6;
--:-:-:-:1	FADD R7, R11, R7;
--:-:-:-:6	@P1 EXIT;
--:-:-:-:1	STG.E.128 [R14.64+0x800], R4;
--:-:-:-:5	EXIT;
LBB0:
--:-:-:Y:0	BRA LBB0;
--:-:-:Y:0	NOP;
--:-:-:Y:0	NOP;
--:-:-:Y:0	NOP;
--:-:-:Y:0	NOP;
--:-:-:Y:0	NOP;
--:-:-:Y:0	NOP;
--:-:-:Y:0	NOP;
--:-:-:Y:0	NOP;
--:-:-:Y:0	NOP;


